c:\users\abhishek\source\repos\mybank\debug\vc142.pdb
c:\users\abhishek\source\repos\mybank\debug\vc142.idb
c:\users\abhishek\source\repos\mybank\debug\option.obj
c:\users\abhishek\source\repos\mybank\debug\mybankdlg.obj
c:\users\abhishek\source\repos\mybank\debug\mybank.obj
c:\users\abhishek\source\repos\mybank\debug\login.obj
c:\users\abhishek\source\repos\mybank\debug\insert.obj
c:\users\abhishek\source\repos\mybank\debug\delete.obj
c:\users\abhishek\source\repos\mybank\debug\searchdialog.obj
c:\users\abhishek\source\repos\mybank\debug\search.obj
c:\users\abhishek\source\repos\mybank\debug\mybank.pch
c:\users\abhishek\source\repos\mybank\debug\pch.obj
c:\users\abhishek\source\repos\mybank\debug\display.obj
c:\users\abhishek\source\repos\mybank\debug\mybank.exe
c:\users\abhishek\source\repos\mybank\debug\mybank.pdb
c:\users\abhishek\source\repos\mybank\debug\mybank.res
c:\users\raja\source\repos\mybank\debug\delete.obj
c:\users\raja\source\repos\mybank\debug\display.obj
c:\users\raja\source\repos\mybank\debug\insert.obj
c:\users\raja\source\repos\mybank\debug\login.obj
c:\users\raja\source\repos\mybank\debug\mybank.obj
c:\users\raja\source\repos\mybank\debug\mybankdlg.obj
c:\users\raja\source\repos\mybank\debug\option.obj
c:\users\raja\source\repos\mybank\debug\pch.obj
c:\users\raja\source\repos\mybank\debug\search.obj
c:\users\raja\source\repos\mybank\debug\searchdialog.obj
c:\users\raja\source\repos\mybank\debug\mybank.res
c:\users\raja\source\repos\mybank\debug\mybank.pch
c:\users\raja\source\repos\mybank\debug\vc142.idb
c:\users\raja\source\repos\mybank\debug\mybank.pdb
c:\users\raja\source\repos\mybank\debug\vc142.pdb
c:\users\raja\source\repos\mybank\debug\mybank.exe
c:\users\raja\source\repos\mybank\debug\mybank.tlog\cl.command.1.tlog
c:\users\raja\source\repos\mybank\debug\mybank.tlog\cl.read.1.tlog
c:\users\raja\source\repos\mybank\debug\mybank.tlog\cl.write.1.tlog
c:\users\raja\source\repos\mybank\debug\mybank.tlog\link.command.1.tlog
c:\users\raja\source\repos\mybank\debug\mybank.tlog\link.read.1.tlog
c:\users\raja\source\repos\mybank\debug\mybank.tlog\link.write.1.tlog
c:\users\raja\source\repos\mybank\debug\mybank.tlog\rc.command.1.tlog
c:\users\raja\source\repos\mybank\debug\mybank.tlog\rc.read.1.tlog
c:\users\raja\source\repos\mybank\debug\mybank.tlog\rc.write.1.tlog
